# JRE version: OpenJDK Runtime Environment (8.0_152-b01) (build 1.8.0_152-release-1248-b01)
# Java VM: OpenJDK 64-Bit Server VM (25.152-b01 mixed mode windows-amd64 compressed oops)
Heap:
 PSYoungGen      total 399872K, used 353456K [0x00000000e0000000, 0x00000000ff880000, 0x0000000100000000)
  eden space 361472K, 92% used [0x00000000e0000000,0x00000000f44d0b40,0x00000000f6100000)
  from space 38400K, 54% used [0x00000000f6100000,0x00000000f755b678,0x00000000f8680000)
  to   space 39424K, 0% used [0x00000000fd200000,0x00000000fd200000,0x00000000ff880000)
 ParOldGen       total 167936K, used 43280K [0x00000000a0000000, 0x00000000aa400000, 0x00000000e0000000)
  object space 167936K, 25% used [0x00000000a0000000,0x00000000a2a442f0,0x00000000aa400000)
 Metaspace       used 82136K, capacity 86088K, committed 86272K, reserved 1124352K
  class space    used 10517K, capacity 11223K, committed 11264K, reserved 1048576K
GC Heap History (10 events):
Event: 125.246 GC heap before
{Heap before GC invocations=25 (full 4):
 PSYoungGen      total 248832K, used 32K [0x00000000e0000000, 0x00000000f6100000, 0x0000000100000000)
  eden space 206848K, 0% used [0x00000000e0000000,0x00000000e0000000,0x00000000eca00000)
  from space 41984K, 0% used [0x00000000eca00000,0x00000000eca08000,0x00000000ef300000)
  to   space 41984K, 0% used [0x00000000f3800000,0x00000000f3800000,0x00000000f6100000)
 ParOldGen       total 132608K, used 113413K [0x00000000a0000000, 0x00000000a8180000, 0x00000000e0000000)
  object space 132608K, 85% used [0x00000000a0000000,0x00000000a6ec1690,0x00000000a8180000)
 Metaspace       used 75427K, capacity 78206K, committed 78464K, reserved 1118208K
  class space    used 9978K, capacity 10544K, committed 10624K, reserved 1048576K
Event: 125.467 GC heap after
Heap after GC invocations=25 (full 4):
 PSYoungGen      total 248832K, used 0K [0x00000000e0000000, 0x00000000f6100000, 0x0000000100000000)
  eden space 206848K, 0% used [0x00000000e0000000,0x00000000e0000000,0x00000000eca00000)
  from space 41984K, 0% used [0x00000000eca00000,0x00000000eca00000,0x00000000ef300000)
  to   space 41984K, 0% used [0x00000000f3800000,0x00000000f3800000,0x00000000f6100000)
 ParOldGen       total 167936K, used 41838K [0x00000000a0000000, 0x00000000aa400000, 0x00000000e0000000)
  object space 167936K, 24% used [0x00000000a0000000,0x00000000a28db810,0x00000000aa400000)
 Metaspace       used 75325K, capacity 77940K, committed 78464K, reserved 1118208K
  class space    used 9942K, capacity 10483K, committed 10624K, reserved 1048576K
}
Event: 125.497 GC heap before
{Heap before GC invocations=26 (full 4):
 PSYoungGen      total 248832K, used 206171K [0x00000000e0000000, 0x00000000f6100000, 0x0000000100000000)
  eden space 206848K, 99% used [0x00000000e0000000,0x00000000ec956da8,0x00000000eca00000)
  from space 41984K, 0% used [0x00000000eca00000,0x00000000eca00000,0x00000000ef300000)
  to   space 41984K, 0% used [0x00000000f3800000,0x00000000f3800000,0x00000000f6100000)
 ParOldGen       total 167936K, used 41838K [0x00000000a0000000, 0x00000000aa400000, 0x00000000e0000000)
  object space 167936K, 24% used [0x00000000a0000000,0x00000000a28db810,0x00000000aa400000)
 Metaspace       used 75327K, capacity 77940K, committed 78464K, reserved 1118208K
  class space    used 9942K, capacity 10483K, committed 10624K, reserved 1048576K
Event: 125.500 GC heap after
Heap after GC invocations=26 (full 4):
 PSYoungGen      total 318464K, used 64K [0x00000000e0000000, 0x00000000f6000000, 0x0000000100000000)
  eden space 277504K, 0% used [0x00000000e0000000,0x00000000e0000000,0x00000000f0f00000)
  from space 40960K, 0% used [0x00000000f3800000,0x00000000f3810000,0x00000000f6000000)
  to   space 41472K, 0% used [0x00000000f0f00000,0x00000000f0f00000,0x00000000f3780000)
 ParOldGen       total 167936K, used 41838K [0x00000000a0000000, 0x00000000aa400000, 0x00000000e0000000)
  object space 167936K, 24% used [0x00000000a0000000,0x00000000a28db810,0x00000000aa400000)
 Metaspace       used 75327K, capacity 77940K, committed 78464K, reserved 1118208K
  class space    used 9942K, capacity 10483K, committed 10624K, reserved 1048576K
}
Event: 1968.504 GC heap before
{Heap before GC invocations=27 (full 4):
 PSYoungGen      total 318464K, used 277568K [0x00000000e0000000, 0x00000000f6000000, 0x0000000100000000)
  eden space 277504K, 100% used [0x00000000e0000000,0x00000000f0f00000,0x00000000f0f00000)
  from space 40960K, 0% used [0x00000000f3800000,0x00000000f3810000,0x00000000f6000000)
  to   space 41472K, 0% used [0x00000000f0f00000,0x00000000f0f00000,0x00000000f3780000)
 ParOldGen       total 167936K, used 41838K [0x00000000a0000000, 0x00000000aa400000, 0x00000000e0000000)
  object space 167936K, 24% used [0x00000000a0000000,0x00000000a28db810,0x00000000aa400000)
 Metaspace       used 80211K, capacity 83088K, committed 83200K, reserved 1122304K
  class space    used 10366K, capacity 10927K, committed 11008K, reserved 1048576K
Event: 1968.544 GC heap after
Heap after GC invocations=27 (full 4):
 PSYoungGen      total 318976K, used 7556K [0x00000000e0000000, 0x00000000fb380000, 0x0000000100000000)
  eden space 277504K, 0% used [0x00000000e0000000,0x00000000e0000000,0x00000000f0f00000)
  from space 41472K, 18% used [0x00000000f0f00000,0x00000000f16611e8,0x00000000f3780000)
  to   space 39424K, 0% used [0x00000000f8d00000,0x00000000f8d00000,0x00000000fb380000)
 ParOldGen       total 167936K, used 41854K [0x00000000a0000000, 0x00000000aa400000, 0x00000000e0000000)
  object space 167936K, 24% used [0x00000000a0000000,0x00000000a28df810,0x00000000aa400000)
 Metaspace       used 80211K, capacity 83088K, committed 83200K, reserved 1122304K
  class space    used 10366K, capacity 10927K, committed 11008K, reserved 1048576K
}
Event: 4011.798 GC heap before
{Heap before GC invocations=28 (full 4):
 PSYoungGen      total 318976K, used 285060K [0x00000000e0000000, 0x00000000fb380000, 0x0000000100000000)
  eden space 277504K, 100% used [0x00000000e0000000,0x00000000f0f00000,0x00000000f0f00000)
  from space 41472K, 18% used [0x00000000f0f00000,0x00000000f16611e8,0x00000000f3780000)
  to   space 39424K, 0% used [0x00000000f8d00000,0x00000000f8d00000,0x00000000fb380000)
 ParOldGen       total 167936K, used 41854K [0x00000000a0000000, 0x00000000aa400000, 0x00000000e0000000)
  object space 167936K, 24% used [0x00000000a0000000,0x00000000a28df810,0x00000000aa400000)
 Metaspace       used 81153K, capacity 84518K, committed 84864K, reserved 1122304K
  class space    used 10425K, capacity 11032K, committed 11136K, reserved 1048576K
Event: 4011.844 GC heap after
Heap after GC invocations=28 (full 4):
 PSYoungGen      total 393216K, used 3088K [0x00000000e0000000, 0x00000000fac00000, 0x0000000100000000)
  eden space 361472K, 0% used [0x00000000e0000000,0x00000000e0000000,0x00000000f6100000)
  from space 31744K, 9% used [0x00000000f8d00000,0x00000000f9004010,0x00000000fac00000)
  to   space 38400K, 0% used [0x00000000f6100000,0x00000000f6100000,0x00000000f8680000)
 ParOldGen       total 167936K, used 43000K [0x00000000a0000000, 0x00000000aa400000, 0x00000000e0000000)
  object space 167936K, 25% used [0x00000000a0000000,0x00000000a29fe2a0,0x00000000aa400000)
 Metaspace       used 81153K, capacity 84518K, committed 84864K, reserved 1122304K
  class space    used 10425K, capacity 11032K, committed 11136K, reserved 1048576K
}
Event: 4105.418 GC heap before
{Heap before GC invocations=29 (full 4):
 PSYoungGen      total 393216K, used 364560K [0x00000000e0000000, 0x00000000fac00000, 0x0000000100000000)
  eden space 361472K, 100% used [0x00000000e0000000,0x00000000f6100000,0x00000000f6100000)
  from space 31744K, 9% used [0x00000000f8d00000,0x00000000f9004010,0x00000000fac00000)
  to   space 38400K, 0% used [0x00000000f6100000,0x00000000f6100000,0x00000000f8680000)
 ParOldGen       total 167936K, used 43000K [0x00000000a0000000, 0x00000000aa400000, 0x00000000e0000000)
  object space 167936K, 25% used [0x00000000a0000000,0x00000000a29fe2a0,0x00000000aa400000)
 Metaspace       used 82045K, capacity 85892K, committed 86016K, reserved 1124352K
  class space    used 10510K, capacity 11185K, committed 11264K, reserved 1048576K
Event: 4105.483 GC heap after
Heap after GC invocations=29 (full 4):
 PSYoungGen      total 399872K, used 20845K [0x00000000e0000000, 0x00000000ff880000, 0x0000000100000000)
  eden space 361472K, 0% used [0x00000000e0000000,0x00000000e0000000,0x00000000f6100000)
  from space 38400K, 54% used [0x00000000f6100000,0x00000000f755b678,0x00000000f8680000)
  to   space 39424K, 0% used [0x00000000fd200000,0x00000000fd200000,0x00000000ff880000)
 ParOldGen       total 167936K, used 43280K [0x00000000a0000000, 0x00000000aa400000, 0x00000000e0000000)
  object space 167936K, 25% used [0x00000000a0000000,0x00000000a2a442f0,0x00000000aa400000)
 Metaspace       used 82045K, capacity 85892K, committed 86016K, reserved 1124352K
  class space    used 10510K, capacity 11185K, committed 11264K, reserved 1048576K
}

