# JRE version: OpenJDK Runtime Environment (8.0_152-b01) (build 1.8.0_152-release-1248-b01)
# Java VM: OpenJDK 64-Bit Server VM (25.152-b01 mixed mode windows-amd64 compressed oops)
Heap:
 PSYoungGen      total 38400K, used 24221K [0x00000000e0000000, 0x00000000e3780000, 0x0000000100000000)
  eden space 33280K, 58% used [0x00000000e0000000,0x00000000e13184b8,0x00000000e2080000)
  from space 5120K, 91% used [0x00000000e2080000,0x00000000e250f118,0x00000000e2580000)
  to   space 5120K, 0% used [0x00000000e3280000,0x00000000e3280000,0x00000000e3780000)
 ParOldGen       total 56320K, used 3084K [0x00000000a0000000, 0x00000000a3700000, 0x00000000e0000000)
  object space 56320K, 5% used [0x00000000a0000000,0x00000000a0303038,0x00000000a3700000)
 Metaspace       used 14126K, capacity 14498K, committed 14720K, reserved 1064960K
  class space    used 1990K, capacity 2117K, committed 2176K, reserved 1048576K
GC Heap History (8 events):
Event: 1.194 GC heap before
{Heap before GC invocations=1 (full 0):
 PSYoungGen      total 38400K, used 33280K [0x00000000e0000000, 0x00000000e2a80000, 0x0000000100000000)
  eden space 33280K, 100% used [0x00000000e0000000,0x00000000e2080000,0x00000000e2080000)
  from space 5120K, 0% used [0x00000000e2580000,0x00000000e2580000,0x00000000e2a80000)
  to   space 5120K, 0% used [0x00000000e2080000,0x00000000e2080000,0x00000000e2580000)
 ParOldGen       total 87552K, used 0K [0x00000000a0000000, 0x00000000a5580000, 0x00000000e0000000)
  object space 87552K, 0% used [0x00000000a0000000,0x00000000a0000000,0x00000000a5580000)
 Metaspace       used 6541K, capacity 6670K, committed 6784K, reserved 1056768K
  class space    used 795K, capacity 843K, committed 896K, reserved 1048576K
Event: 1.200 GC heap after
Heap after GC invocations=1 (full 0):
 PSYoungGen      total 38400K, used 3996K [0x00000000e0000000, 0x00000000e2a80000, 0x0000000100000000)
  eden space 33280K, 0% used [0x00000000e0000000,0x00000000e0000000,0x00000000e2080000)
  from space 5120K, 78% used [0x00000000e2080000,0x00000000e2467368,0x00000000e2580000)
  to   space 5120K, 0% used [0x00000000e2580000,0x00000000e2580000,0x00000000e2a80000)
 ParOldGen       total 87552K, used 8K [0x00000000a0000000, 0x00000000a5580000, 0x00000000e0000000)
  object space 87552K, 0% used [0x00000000a0000000,0x00000000a0002000,0x00000000a5580000)
 Metaspace       used 6541K, capacity 6670K, committed 6784K, reserved 1056768K
  class space    used 795K, capacity 843K, committed 896K, reserved 1048576K
}
Event: 1.608 GC heap before
{Heap before GC invocations=2 (full 0):
 PSYoungGen      total 38400K, used 28300K [0x00000000e0000000, 0x00000000e2a80000, 0x0000000100000000)
  eden space 33280K, 73% used [0x00000000e0000000,0x00000000e17bbef0,0x00000000e2080000)
  from space 5120K, 78% used [0x00000000e2080000,0x00000000e2467368,0x00000000e2580000)
  to   space 5120K, 0% used [0x00000000e2580000,0x00000000e2580000,0x00000000e2a80000)
 ParOldGen       total 87552K, used 8K [0x00000000a0000000, 0x00000000a5580000, 0x00000000e0000000)
  object space 87552K, 0% used [0x00000000a0000000,0x00000000a0002000,0x00000000a5580000)
 Metaspace       used 6923K, capacity 7048K, committed 7168K, reserved 1060864K
  class space    used 875K, capacity 948K, committed 1024K, reserved 1048576K
Event: 1.613 GC heap after
Heap after GC invocations=2 (full 0):
 PSYoungGen      total 38400K, used 3154K [0x00000000e0000000, 0x00000000e2a80000, 0x0000000100000000)
  eden space 33280K, 0% used [0x00000000e0000000,0x00000000e0000000,0x00000000e2080000)
  from space 5120K, 61% used [0x00000000e2580000,0x00000000e2894838,0x00000000e2a80000)
  to   space 5120K, 0% used [0x00000000e2080000,0x00000000e2080000,0x00000000e2580000)
 ParOldGen       total 87552K, used 16K [0x00000000a0000000, 0x00000000a5580000, 0x00000000e0000000)
  object space 87552K, 0% used [0x00000000a0000000,0x00000000a0004000,0x00000000a5580000)
 Metaspace       used 6923K, capacity 7048K, committed 7168K, reserved 1060864K
  class space    used 875K, capacity 948K, committed 1024K, reserved 1048576K
}
Event: 1.613 GC heap before
{Heap before GC invocations=3 (full 1):
 PSYoungGen      total 38400K, used 3154K [0x00000000e0000000, 0x00000000e2a80000, 0x0000000100000000)
  eden space 33280K, 0% used [0x00000000e0000000,0x00000000e0000000,0x00000000e2080000)
  from space 5120K, 61% used [0x00000000e2580000,0x00000000e2894838,0x00000000e2a80000)
  to   space 5120K, 0% used [0x00000000e2080000,0x00000000e2080000,0x00000000e2580000)
 ParOldGen       total 87552K, used 16K [0x00000000a0000000, 0x00000000a5580000, 0x00000000e0000000)
  object space 87552K, 0% used [0x00000000a0000000,0x00000000a0004000,0x00000000a5580000)
 Metaspace       used 6923K, capacity 7048K, committed 7168K, reserved 1060864K
  class space    used 875K, capacity 948K, committed 1024K, reserved 1048576K
Event: 1.631 GC heap after
Heap after GC invocations=3 (full 1):
 PSYoungGen      total 38400K, used 0K [0x00000000e0000000, 0x00000000e2a80000, 0x0000000100000000)
  eden space 33280K, 0% used [0x00000000e0000000,0x00000000e0000000,0x00000000e2080000)
  from space 5120K, 0% used [0x00000000e2580000,0x00000000e2580000,0x00000000e2a80000)
  to   space 5120K, 0% used [0x00000000e2080000,0x00000000e2080000,0x00000000e2580000)
 ParOldGen       total 56320K, used 3076K [0x00000000a0000000, 0x00000000a3700000, 0x00000000e0000000)
  object space 56320K, 5% used [0x00000000a0000000,0x00000000a0301038,0x00000000a3700000)
 Metaspace       used 6923K, capacity 7048K, committed 7168K, reserved 1058816K
  class space    used 875K, capacity 948K, committed 1024K, reserved 1048576K
}
Event: 3.371 GC heap before
{Heap before GC invocations=4 (full 1):
 PSYoungGen      total 38400K, used 33280K [0x00000000e0000000, 0x00000000e2a80000, 0x0000000100000000)
  eden space 33280K, 100% used [0x00000000e0000000,0x00000000e2080000,0x00000000e2080000)
  from space 5120K, 0% used [0x00000000e2580000,0x00000000e2580000,0x00000000e2a80000)
  to   space 5120K, 0% used [0x00000000e2080000,0x00000000e2080000,0x00000000e2580000)
 ParOldGen       total 56320K, used 3076K [0x00000000a0000000, 0x00000000a3700000, 0x00000000e0000000)
  object space 56320K, 5% used [0x00000000a0000000,0x00000000a0301038,0x00000000a3700000)
 Metaspace       used 12789K, capacity 13180K, committed 13440K, reserved 1062912K
  class space    used 1753K, capacity 1890K, committed 1920K, reserved 1048576K
Event: 3.379 GC heap after
Heap after GC invocations=4 (full 1):
 PSYoungGen      total 38400K, used 4668K [0x00000000e0000000, 0x00000000e3780000, 0x0000000100000000)
  eden space 33280K, 0% used [0x00000000e0000000,0x00000000e0000000,0x00000000e2080000)
  from space 5120K, 91% used [0x00000000e2080000,0x00000000e250f118,0x00000000e2580000)
  to   space 5120K, 0% used [0x00000000e3280000,0x00000000e3280000,0x00000000e3780000)
 ParOldGen       total 56320K, used 3084K [0x00000000a0000000, 0x00000000a3700000, 0x00000000e0000000)
  object space 56320K, 5% used [0x00000000a0000000,0x00000000a0303038,0x00000000a3700000)
 Metaspace       used 12789K, capacity 13180K, committed 13440K, reserved 1062912K
  class space    used 1753K, capacity 1890K, committed 1920K, reserved 1048576K
}

